#
# There is insufficient memory for the Java Runtime Environment to continue.
# Native memory allocation (malloc) failed to allocate 1102816 bytes. Error detail: Chunk::new
# Possible reasons:
#   The system is out of physical RAM or swap space
#   This process is running with CompressedOops enabled, and the Java Heap may be blocking the growth of the native heap
# Possible solutions:
#   Reduce memory load on the system
#   Increase physical memory or swap space
#   Check if swap backing store is full
#   Decrease Java heap size (-Xmx/-Xms)
#   Decrease number of Java threads
#   Decrease Java thread stack sizes (-Xss)
#   Set larger code cache with -XX:ReservedCodeCacheSize=
#   JVM is running with Unscaled Compressed Oops mode in which the Java heap is
#     placed in the first 4GB address space. The Java Heap base address is the
#     maximum limit for the native heap growth. Please use -XX:HeapBaseMinAddress
#     to set the Java Heap base and to place the Java Heap above 4GB virtual address.
# This output file may be truncated or incomplete.
#
#  Out of Memory Error (arena.cpp:150), pid=15688, tid=8884
#
# JRE version: OpenJDK Runtime Environment (22.0.1+8) (build 22.0.1+8-16)
# Java VM: OpenJDK 64-Bit Server VM (22.0.1+8-16, mixed mode, sharing, tiered, compressed oops, compressed class ptrs, g1 gc, windows-amd64)
# No core dump will be written. Minidumps are not enabled by default on client versions of Windows
#

---------------  S U M M A R Y ------------

Command Line: -javaagent:C:\Program Files\JetBrains\IntelliJ IDEA Community Edition 2024.1.4\lib\idea_rt.jar=60637:C:\Program Files\JetBrains\IntelliJ IDEA Community Edition 2024.1.4\bin -Dfile.encoding=UTF-8 -Dsun.stdout.encoding=UTF-8 -Dsun.stderr.encoding=UTF-8 com.edigest.journalApp.JournalAppApplication

Host: AMD Ryzen 5 5600H with Radeon Graphics         , 12 cores, 7G,  Windows 11 , 64 bit Build 22621 (10.0.22621.3672)
Time: Mon Jul 15 13:43:22 2024 India Standard Time elapsed time: 1.473688 seconds (0d 0h 0m 1s)

---------------  T H R E A D  ---------------

Current thread (0x000001d4c54912c0):  JavaThread "C2 CompilerThread1" daemon [_thread_in_native, id=8884, stack(0x000000a064300000,0x000000a064400000) (1024K)]


Current CompileTask:
C2:1473 2566       4       java.lang.invoke.MethodType::methodType (69 bytes)

Stack: [0x000000a064300000,0x000000a064400000]
Native frames: (J=compiled Java code, j=interpreted, Vv=VM code, C=native code)
V  [jvm.dll+0x6e2279]  (no source info available)
V  [jvm.dll+0x874e33]  (no source info available)
V  [jvm.dll+0x87725e]  (no source info available)
V  [jvm.dll+0x877933]  (no source info available)
V  [jvm.dll+0x27fd76]  (no source info available)
V  [jvm.dll+0xc3d0f]  (no source info available)
V  [jvm.dll+0xc3f6b]  (no source info available)
V  [jvm.dll+0x2f3c2f]  (no source info available)
V  [jvm.dll+0x60bc9a]  (no source info available)
V  [jvm.dll+0x250db2]  (no source info available)
V  [jvm.dll+0x249565]  (no source info available)
V  [jvm.dll+0x246ec6]  (no source info available)
V  [jvm.dll+0x1c4e90]  (no source info available)
V  [jvm.dll+0x2569fe]  (no source info available)
V  [jvm.dll+0x254cba]  (no source info available)
V  [jvm.dll+0x3f5336]  (no source info available)
V  [jvm.dll+0x81d44b]  (no source info available)
V  [jvm.dll+0x6e0915]  (no source info available)
C  [ucrtbase.dll+0x29333]  (no source info available)
C  [KERNEL32.DLL+0x1257d]  (no source info available)
C  [ntdll.dll+0x5af28]  (no source info available)


---------------  P R O C E S S  ---------------

Threads class SMR info:
_java_thread_list=0x000001d4c61b2650, length=14, elements={
0x000001d4d5619940, 0x000001d4f438e5f0, 0x000001d4f438f310, 0x000001d4f43920b0,
0x000001d4f4392ea0, 0x000001d4f439bf90, 0x000001d4f43a0220, 0x000001d4f43a7de0,
0x000001d4f43a89c0, 0x000001d4f43a2980, 0x000001d4f43a22f0, 0x000001d4f43a08b0,
0x000001d4c54912c0, 0x000001d4c6662960
}

Java Threads: ( => current thread )
  0x000001d4d5619940 JavaThread "main"                              [_thread_in_vm, id=6412, stack(0x000000a063200000,0x000000a063300000) (1024K)]
  0x000001d4f438e5f0 JavaThread "Reference Handler"          daemon [_thread_blocked, id=4100, stack(0x000000a063a00000,0x000000a063b00000) (1024K)]
  0x000001d4f438f310 JavaThread "Finalizer"                  daemon [_thread_blocked, id=6288, stack(0x000000a063b00000,0x000000a063c00000) (1024K)]
  0x000001d4f43920b0 JavaThread "Signal Dispatcher"          daemon [_thread_blocked, id=16928, stack(0x000000a063c00000,0x000000a063d00000) (1024K)]
  0x000001d4f4392ea0 JavaThread "Attach Listener"            daemon [_thread_blocked, id=4152, stack(0x000000a063d00000,0x000000a063e00000) (1024K)]
  0x000001d4f439bf90 JavaThread "Service Thread"             daemon [_thread_blocked, id=5088, stack(0x000000a063e00000,0x000000a063f00000) (1024K)]
  0x000001d4f43a0220 JavaThread "Monitor Deflation Thread"   daemon [_thread_blocked, id=19040, stack(0x000000a063f00000,0x000000a064000000) (1024K)]
  0x000001d4f43a7de0 JavaThread "C2 CompilerThread0"         daemon [_thread_in_native, id=14996, stack(0x000000a064000000,0x000000a064100000) (1024K)]
  0x000001d4f43a89c0 JavaThread "C1 CompilerThread0"         daemon [_thread_in_native, id=12248, stack(0x000000a064100000,0x000000a064200000) (1024K)]
  0x000001d4f43a2980 JavaThread "Common-Cleaner"             daemon [_thread_blocked, id=16920, stack(0x000000a064200000,0x000000a064300000) (1024K)]
  0x000001d4f43a22f0 JavaThread "Monitor Ctrl-Break"         daemon [_thread_in_native, id=20124, stack(0x000000a064400000,0x000000a064500000) (1024K)]
  0x000001d4f43a08b0 JavaThread "Notification Thread"        daemon [_thread_blocked, id=11576, stack(0x000000a064500000,0x000000a064600000) (1024K)]
=>0x000001d4c54912c0 JavaThread "C2 CompilerThread1"         daemon [_thread_in_native, id=8884, stack(0x000000a064300000,0x000000a064400000) (1024K)]
  0x000001d4c6662960 JavaThread "C2 CompilerThread2"         daemon [_thread_blocked, id=6696, stack(0x000000a064c00000,0x000000a064d00000) (1024K)]
Total: 14

Other Threads:
  0x000001d4f436f830 VMThread "VM Thread"                           [id=16800, stack(0x000000a063900000,0x000000a063a00000) (1024K)]
  0x000001d4f435a0a0 WatcherThread "VM Periodic Task Thread"        [id=4496, stack(0x000000a063800000,0x000000a063900000) (1024K)]
  0x000001d4d7a25df0 WorkerThread "GC Thread#0"                     [id=18516, stack(0x000000a063300000,0x000000a063400000) (1024K)]
  0x000001d4c6363af0 WorkerThread "GC Thread#1"                     [id=15848, stack(0x000000a064600000,0x000000a064700000) (1024K)]
  0x000001d4c5e8fcc0 WorkerThread "GC Thread#2"                     [id=18108, stack(0x000000a064700000,0x000000a064800000) (1024K)]
  0x000001d4c5ab7b50 WorkerThread "GC Thread#3"                     [id=19216, stack(0x000000a064800000,0x000000a064900000) (1024K)]
  0x000001d4c5ab7f00 WorkerThread "GC Thread#4"                     [id=3176, stack(0x000000a064900000,0x000000a064a00000) (1024K)]
  0x000001d4c59f5ef0 WorkerThread "GC Thread#5"                     [id=6372, stack(0x000000a064a00000,0x000000a064b00000) (1024K)]
  0x000001d4c632d7d0 WorkerThread "GC Thread#6"                     [id=6328, stack(0x000000a064d00000,0x000000a064e00000) (1024K)]
  0x000001d4c632df30 WorkerThread "GC Thread#7"                     [id=18872, stack(0x000000a064e00000,0x000000a064f00000) (1024K)]
  0x000001d4c632ccc0 WorkerThread "GC Thread#8"                     [id=13036, stack(0x000000a064f00000,0x000000a065000000) (1024K)]
  0x000001d4c632d070 WorkerThread "GC Thread#9"                     [id=19236, stack(0x000000a065000000,0x000000a065100000) (1024K)]
  0x000001d4d7a35830 ConcurrentGCThread "G1 Main Marker"            [id=10908, stack(0x000000a063400000,0x000000a063500000) (1024K)]
  0x000001d4d7a36400 WorkerThread "G1 Conc#0"                       [id=12036, stack(0x000000a063500000,0x000000a063600000) (1024K)]
  0x000001d4d7a8e500 ConcurrentGCThread "G1 Refine#0"               [id=11320, stack(0x000000a063600000,0x000000a063700000) (1024K)]
  0x000001d4f422e550 ConcurrentGCThread "G1 Service"                [id=11240, stack(0x000000a063700000,0x000000a063800000) (1024K)]
Total: 16

Threads with active compile tasks:
C2 CompilerThread0  1520 2561       4       java.lang.invoke.MethodType::makeImpl (109 bytes)
C1 CompilerThread0  1520 2807       3       sun.reflect.annotation.AnnotationParser::parseConst (209 bytes)
C2 CompilerThread1  1520 2566       4       java.lang.invoke.MethodType::methodType (69 bytes)
Total: 3

VM state: not at safepoint (normal execution)

VM Mutex/Monitor currently owned by a thread: None

Heap address: 0x000000008a600000, size: 1882 MB, Compressed Oops mode: 32-bit

CDS archive(s) mapped at: [0x000001d480000000-0x000001d480c50000-0x000001d480c50000), size 12910592, SharedBaseAddress: 0x000001d480000000, ArchiveRelocationMode: 1.
Compressed class space mapped at: 0x000001d481000000-0x000001d4c1000000, reserved size: 1073741824
Narrow klass base: 0x000001d480000000, Narrow klass shift: 0, Narrow klass range: 0x41000000

GC Precious Log:
 CardTable entry size: 512
 Card Set container configuration: InlinePtr #cards 5 size 8 Array Of Cards #cards 12 size 40 Howl #buckets 4 coarsen threshold 1843 Howl Bitmap #cards 512 size 80 coarsen threshold 460 Card regions per heap region 1 cards per card region 2048
 CPUs: 12 total, 12 available
 Memory: 7521M
 Large Page Support: Disabled
 NUMA Support: Disabled
 Compressed Oops: Enabled (32-bit)
 Heap Region Size: 1M
 Heap Min Capacity: 8M
 Heap Initial Capacity: 118M
 Heap Max Capacity: 1882M
 Pre-touch: Disabled
 Parallel Workers: 10
 Concurrent Workers: 3
 Concurrent Refinement Workers: 10
 Periodic GC: Disabled

Heap:
 garbage-first heap   total reserved 1927168K, committed 120832K, used 31284K [0x000000008a600000, 0x0000000100000000)
  region size 1024K, 27 young (27648K), 4 survivors (4096K)
 Metaspace       used 19103K, committed 19456K, reserved 1114112K
  class space    used 2342K, committed 2496K, reserved 1048576K

Heap Regions: E=young(eden), S=young(survivor), O=old, HS=humongous(starts), HC=humongous(continues), CS=collection set, F=free, TAMS=top-at-mark-start, PB=parsable bottom
|   0|0x000000008a600000, 0x000000008a700000, 0x000000008a700000|100%| O|  |TAMS 0x000000008a600000| PB 0x000000008a600000| Untracked |  0
|   1|0x000000008a700000, 0x000000008a800000, 0x000000008a800000|100%| O|  |TAMS 0x000000008a700000| PB 0x000000008a700000| Untracked |  0
|   2|0x000000008a800000, 0x000000008a900000, 0x000000008a900000|100%| O|  |TAMS 0x000000008a800000| PB 0x000000008a800000| Untracked |  0
|   3|0x000000008a900000, 0x000000008aa00000, 0x000000008aa00000|100%| O|  |TAMS 0x000000008a900000| PB 0x000000008a900000| Untracked |  0
|   4|0x000000008aa00000, 0x000000008ab00000, 0x000000008ab00000|100%| O|  |TAMS 0x000000008aa00000| PB 0x000000008aa00000| Untracked |  0
|   5|0x000000008ab00000, 0x000000008ab30880, 0x000000008ac00000| 18%| O|  |TAMS 0x000000008ab00000| PB 0x000000008ab00000| Untracked |  0
|   6|0x000000008ac00000, 0x000000008ac00000, 0x000000008ad00000|  0%| F|  |TAMS 0x000000008ac00000| PB 0x000000008ac00000| Untracked |  0
|   7|0x000000008ad00000, 0x000000008ad00000, 0x000000008ae00000|  0%| F|  |TAMS 0x000000008ad00000| PB 0x000000008ad00000| Untracked |  0
|   8|0x000000008ae00000, 0x000000008ae00000, 0x000000008af00000|  0%| F|  |TAMS 0x000000008ae00000| PB 0x000000008ae00000| Untracked |  0
|   9|0x000000008af00000, 0x000000008af00000, 0x000000008b000000|  0%| F|  |TAMS 0x000000008af00000| PB 0x000000008af00000| Untracked |  0
|  10|0x000000008b000000, 0x000000008b000000, 0x000000008b100000|  0%| F|  |TAMS 0x000000008b000000| PB 0x000000008b000000| Untracked |  0
|  11|0x000000008b100000, 0x000000008b100000, 0x000000008b200000|  0%| F|  |TAMS 0x000000008b100000| PB 0x000000008b100000| Untracked |  0
|  12|0x000000008b200000, 0x000000008b200000, 0x000000008b300000|  0%| F|  |TAMS 0x000000008b200000| PB 0x000000008b200000| Untracked |  0
|  13|0x000000008b300000, 0x000000008b300000, 0x000000008b400000|  0%| F|  |TAMS 0x000000008b300000| PB 0x000000008b300000| Untracked |  0
|  14|0x000000008b400000, 0x000000008b400000, 0x000000008b500000|  0%| F|  |TAMS 0x000000008b400000| PB 0x000000008b400000| Untracked |  0
|  15|0x000000008b500000, 0x000000008b500000, 0x000000008b600000|  0%| F|  |TAMS 0x000000008b500000| PB 0x000000008b500000| Untracked |  0
|  16|0x000000008b600000, 0x000000008b600000, 0x000000008b700000|  0%| F|  |TAMS 0x000000008b600000| PB 0x000000008b600000| Untracked |  0
|  17|0x000000008b700000, 0x000000008b700000, 0x000000008b800000|  0%| F|  |TAMS 0x000000008b700000| PB 0x000000008b700000| Untracked |  0
|  18|0x000000008b800000, 0x000000008b800000, 0x000000008b900000|  0%| F|  |TAMS 0x000000008b800000| PB 0x000000008b800000| Untracked |  0
|  19|0x000000008b900000, 0x000000008b900000, 0x000000008ba00000|  0%| F|  |TAMS 0x000000008b900000| PB 0x000000008b900000| Untracked |  0
|  20|0x000000008ba00000, 0x000000008ba00000, 0x000000008bb00000|  0%| F|  |TAMS 0x000000008ba00000| PB 0x000000008ba00000| Untracked |  0
|  21|0x000000008bb00000, 0x000000008bb00000, 0x000000008bc00000|  0%| F|  |TAMS 0x000000008bb00000| PB 0x000000008bb00000| Untracked |  0
|  22|0x000000008bc00000, 0x000000008bc00000, 0x000000008bd00000|  0%| F|  |TAMS 0x000000008bc00000| PB 0x000000008bc00000| Untracked |  0
|  23|0x000000008bd00000, 0x000000008bd00000, 0x000000008be00000|  0%| F|  |TAMS 0x000000008bd00000| PB 0x000000008bd00000| Untracked |  0
|  24|0x000000008be00000, 0x000000008be00000, 0x000000008bf00000|  0%| F|  |TAMS 0x000000008be00000| PB 0x000000008be00000| Untracked |  0
|  25|0x000000008bf00000, 0x000000008bf00000, 0x000000008c000000|  0%| F|  |TAMS 0x000000008bf00000| PB 0x000000008bf00000| Untracked |  0
|  26|0x000000008c000000, 0x000000008c000000, 0x000000008c100000|  0%| F|  |TAMS 0x000000008c000000| PB 0x000000008c000000| Untracked |  0
|  27|0x000000008c100000, 0x000000008c100000, 0x000000008c200000|  0%| F|  |TAMS 0x000000008c100000| PB 0x000000008c100000| Untracked |  0
|  28|0x000000008c200000, 0x000000008c200000, 0x000000008c300000|  0%| F|  |TAMS 0x000000008c200000| PB 0x000000008c200000| Untracked |  0
|  29|0x000000008c300000, 0x000000008c300000, 0x000000008c400000|  0%| F|  |TAMS 0x000000008c300000| PB 0x000000008c300000| Untracked |  0
|  30|0x000000008c400000, 0x000000008c400000, 0x000000008c500000|  0%| F|  |TAMS 0x000000008c400000| PB 0x000000008c400000| Untracked |  0
|  31|0x000000008c500000, 0x000000008c500000, 0x000000008c600000|  0%| F|  |TAMS 0x000000008c500000| PB 0x000000008c500000| Untracked |  0
|  32|0x000000008c600000, 0x000000008c600000, 0x000000008c700000|  0%| F|  |TAMS 0x000000008c600000| PB 0x000000008c600000| Untracked |  0
|  33|0x000000008c700000, 0x000000008c700000, 0x000000008c800000|  0%| F|  |TAMS 0x000000008c700000| PB 0x000000008c700000| Untracked |  0
|  34|0x000000008c800000, 0x000000008c800000, 0x000000008c900000|  0%| F|  |TAMS 0x000000008c800000| PB 0x000000008c800000| Untracked |  0
|  35|0x000000008c900000, 0x000000008c900000, 0x000000008ca00000|  0%| F|  |TAMS 0x000000008c900000| PB 0x000000008c900000| Untracked |  0
|  36|0x000000008ca00000, 0x000000008ca00000, 0x000000008cb00000|  0%| F|  |TAMS 0x000000008ca00000| PB 0x000000008ca00000| Untracked |  0
|  37|0x000000008cb00000, 0x000000008cb00000, 0x000000008cc00000|  0%| F|  |TAMS 0x000000008cb00000| PB 0x000000008cb00000| Untracked |  0
|  38|0x000000008cc00000, 0x000000008cc00000, 0x000000008cd00000|  0%| F|  |TAMS 0x000000008cc00000| PB 0x000000008cc00000| Untracked |  0
|  39|0x000000008cd00000, 0x000000008cd00000, 0x000000008ce00000|  0%| F|  |TAMS 0x000000008cd00000| PB 0x000000008cd00000| Untracked |  0
|  40|0x000000008ce00000, 0x000000008ce00000, 0x000000008cf00000|  0%| F|  |TAMS 0x000000008ce00000| PB 0x000000008ce00000| Untracked |  0
|  41|0x000000008cf00000, 0x000000008cf00000, 0x000000008d000000|  0%| F|  |TAMS 0x000000008cf00000| PB 0x000000008cf00000| Untracked |  0
|  42|0x000000008d000000, 0x000000008d000000, 0x000000008d100000|  0%| F|  |TAMS 0x000000008d000000| PB 0x000000008d000000| Untracked |  0
|  43|0x000000008d100000, 0x000000008d100000, 0x000000008d200000|  0%| F|  |TAMS 0x000000008d100000| PB 0x000000008d100000| Untracked |  0
|  44|0x000000008d200000, 0x000000008d200000, 0x000000008d300000|  0%| F|  |TAMS 0x000000008d200000| PB 0x000000008d200000| Untracked |  0
|  45|0x000000008d300000, 0x000000008d300000, 0x000000008d400000|  0%| F|  |TAMS 0x000000008d300000| PB 0x000000008d300000| Untracked |  0
|  46|0x000000008d400000, 0x000000008d400000, 0x000000008d500000|  0%| F|  |TAMS 0x000000008d400000| PB 0x000000008d400000| Untracked |  0
|  47|0x000000008d500000, 0x000000008d500000, 0x000000008d600000|  0%| F|  |TAMS 0x000000008d500000| PB 0x000000008d500000| Untracked |  0
|  48|0x000000008d600000, 0x000000008d600000, 0x000000008d700000|  0%| F|  |TAMS 0x000000008d600000| PB 0x000000008d600000| Untracked |  0
|  49|0x000000008d700000, 0x000000008d700000, 0x000000008d800000|  0%| F|  |TAMS 0x000000008d700000| PB 0x000000008d700000| Untracked |  0
|  50|0x000000008d800000, 0x000000008d800000, 0x000000008d900000|  0%| F|  |TAMS 0x000000008d800000| PB 0x000000008d800000| Untracked |  0
|  51|0x000000008d900000, 0x000000008d900000, 0x000000008da00000|  0%| F|  |TAMS 0x000000008d900000| PB 0x000000008d900000| Untracked |  0
|  52|0x000000008da00000, 0x000000008da00000, 0x000000008db00000|  0%| F|  |TAMS 0x000000008da00000| PB 0x000000008da00000| Untracked |  0
|  53|0x000000008db00000, 0x000000008db00000, 0x000000008dc00000|  0%| F|  |TAMS 0x000000008db00000| PB 0x000000008db00000| Untracked |  0
|  54|0x000000008dc00000, 0x000000008dc00000, 0x000000008dd00000|  0%| F|  |TAMS 0x000000008dc00000| PB 0x000000008dc00000| Untracked |  0
|  55|0x000000008dd00000, 0x000000008dd00000, 0x000000008de00000|  0%| F|  |TAMS 0x000000008dd00000| PB 0x000000008dd00000| Untracked |  0
|  56|0x000000008de00000, 0x000000008de00000, 0x000000008df00000|  0%| F|  |TAMS 0x000000008de00000| PB 0x000000008de00000| Untracked |  0
|  57|0x000000008df00000, 0x000000008df00000, 0x000000008e000000|  0%| F|  |TAMS 0x000000008df00000| PB 0x000000008df00000| Untracked |  0
|  58|0x000000008e000000, 0x000000008e000000, 0x000000008e100000|  0%| F|  |TAMS 0x000000008e000000| PB 0x000000008e000000| Untracked |  0
|  59|0x000000008e100000, 0x000000008e100000, 0x000000008e200000|  0%| F|  |TAMS 0x000000008e100000| PB 0x000000008e100000| Untracked |  0
|  60|0x000000008e200000, 0x000000008e200000, 0x000000008e300000|  0%| F|  |TAMS 0x000000008e200000| PB 0x000000008e200000| Untracked |  0
|  61|0x000000008e300000, 0x000000008e300000, 0x000000008e400000|  0%| F|  |TAMS 0x000000008e300000| PB 0x000000008e300000| Untracked |  0
|  62|0x000000008e400000, 0x000000008e400000, 0x000000008e500000|  0%| F|  |TAMS 0x000000008e400000| PB 0x000000008e400000| Untracked |  0
|  63|0x000000008e500000, 0x000000008e500000, 0x000000008e600000|  0%| F|  |TAMS 0x000000008e500000| PB 0x000000008e500000| Untracked |  0
|  64|0x000000008e600000, 0x000000008e600000, 0x000000008e700000|  0%| F|  |TAMS 0x000000008e600000| PB 0x000000008e600000| Untracked |  0
|  65|0x000000008e700000, 0x000000008e700000, 0x000000008e800000|  0%| F|  |TAMS 0x000000008e700000| PB 0x000000008e700000| Untracked |  0
|  66|0x000000008e800000, 0x000000008e800000, 0x000000008e900000|  0%| F|  |TAMS 0x000000008e800000| PB 0x000000008e800000| Untracked |  0
|  67|0x000000008e900000, 0x000000008e900000, 0x000000008ea00000|  0%| F|  |TAMS 0x000000008e900000| PB 0x000000008e900000| Untracked |  0
|  68|0x000000008ea00000, 0x000000008ea00000, 0x000000008eb00000|  0%| F|  |TAMS 0x000000008ea00000| PB 0x000000008ea00000| Untracked |  0
|  69|0x000000008eb00000, 0x000000008eb00000, 0x000000008ec00000|  0%| F|  |TAMS 0x000000008eb00000| PB 0x000000008eb00000| Untracked |  0
|  70|0x000000008ec00000, 0x000000008ec00000, 0x000000008ed00000|  0%| F|  |TAMS 0x000000008ec00000| PB 0x000000008ec00000| Untracked |  0
|  71|0x000000008ed00000, 0x000000008ed00000, 0x000000008ee00000|  0%| F|  |TAMS 0x000000008ed00000| PB 0x000000008ed00000| Untracked |  0
|  72|0x000000008ee00000, 0x000000008ee00000, 0x000000008ef00000|  0%| F|  |TAMS 0x000000008ee00000| PB 0x000000008ee00000| Untracked |  0
|  73|0x000000008ef00000, 0x000000008ef00000, 0x000000008f000000|  0%| F|  |TAMS 0x000000008ef00000| PB 0x000000008ef00000| Untracked |  0
|  74|0x000000008f000000, 0x000000008f000000, 0x000000008f100000|  0%| F|  |TAMS 0x000000008f000000| PB 0x000000008f000000| Untracked |  0
|  75|0x000000008f100000, 0x000000008f100000, 0x000000008f200000|  0%| F|  |TAMS 0x000000008f100000| PB 0x000000008f100000| Untracked |  0
|  76|0x000000008f200000, 0x000000008f200000, 0x000000008f300000|  0%| F|  |TAMS 0x000000008f200000| PB 0x000000008f200000| Untracked |  0
|  77|0x000000008f300000, 0x000000008f300000, 0x000000008f400000|  0%| F|  |TAMS 0x000000008f300000| PB 0x000000008f300000| Untracked |  0
|  78|0x000000008f400000, 0x000000008f400000, 0x000000008f500000|  0%| F|  |TAMS 0x000000008f400000| PB 0x000000008f400000| Untracked |  0
|  79|0x000000008f500000, 0x000000008f55c800, 0x000000008f600000| 36%| S|CS|TAMS 0x000000008f500000| PB 0x000000008f500000| Complete |  0
|  80|0x000000008f600000, 0x000000008f700000, 0x000000008f700000|100%| S|CS|TAMS 0x000000008f600000| PB 0x000000008f600000| Complete |  0
|  81|0x000000008f700000, 0x000000008f800000, 0x000000008f800000|100%| S|CS|TAMS 0x000000008f700000| PB 0x000000008f700000| Complete |  0
|  82|0x000000008f800000, 0x000000008f900000, 0x000000008f900000|100%| S|CS|TAMS 0x000000008f800000| PB 0x000000008f800000| Complete |  0
|  83|0x000000008f900000, 0x000000008f900000, 0x000000008fa00000|  0%| F|  |TAMS 0x000000008f900000| PB 0x000000008f900000| Untracked |  0
|  84|0x000000008fa00000, 0x000000008fa00000, 0x000000008fb00000|  0%| F|  |TAMS 0x000000008fa00000| PB 0x000000008fa00000| Untracked |  0
|  85|0x000000008fb00000, 0x000000008fb00000, 0x000000008fc00000|  0%| F|  |TAMS 0x000000008fb00000| PB 0x000000008fb00000| Untracked |  0
|  86|0x000000008fc00000, 0x000000008fc00000, 0x000000008fd00000|  0%| F|  |TAMS 0x000000008fc00000| PB 0x000000008fc00000| Untracked |  0
|  87|0x000000008fd00000, 0x000000008fd00000, 0x000000008fe00000|  0%| F|  |TAMS 0x000000008fd00000| PB 0x000000008fd00000| Untracked |  0
|  88|0x000000008fe00000, 0x000000008fe00000, 0x000000008ff00000|  0%| F|  |TAMS 0x000000008fe00000| PB 0x000000008fe00000| Untracked |  0
|  89|0x000000008ff00000, 0x000000008ff00000, 0x0000000090000000|  0%| F|  |TAMS 0x000000008ff00000| PB 0x000000008ff00000| Untracked |  0
|  90|0x0000000090000000, 0x0000000090000000, 0x0000000090100000|  0%| F|  |TAMS 0x0000000090000000| PB 0x0000000090000000| Untracked |  0
|  91|0x0000000090100000, 0x0000000090100000, 0x0000000090200000|  0%| F|  |TAMS 0x0000000090100000| PB 0x0000000090100000| Untracked |  0
|  92|0x0000000090200000, 0x0000000090200000, 0x0000000090300000|  0%| F|  |TAMS 0x0000000090200000| PB 0x0000000090200000| Untracked |  0
|  93|0x0000000090300000, 0x0000000090300000, 0x0000000090400000|  0%| F|  |TAMS 0x0000000090300000| PB 0x0000000090300000| Untracked |  0
|  94|0x0000000090400000, 0x0000000090400000, 0x0000000090500000|  0%| F|  |TAMS 0x0000000090400000| PB 0x0000000090400000| Untracked |  0
|  95|0x0000000090500000, 0x00000000905fc6e8, 0x0000000090600000| 98%| E|  |TAMS 0x0000000090500000| PB 0x0000000090500000| Complete |  0
|  96|0x0000000090600000, 0x0000000090700000, 0x0000000090700000|100%| E|CS|TAMS 0x0000000090600000| PB 0x0000000090600000| Complete |  0
|  97|0x0000000090700000, 0x0000000090800000, 0x0000000090800000|100%| E|CS|TAMS 0x0000000090700000| PB 0x0000000090700000| Complete |  0
|  98|0x0000000090800000, 0x0000000090900000, 0x0000000090900000|100%| E|CS|TAMS 0x0000000090800000| PB 0x0000000090800000| Complete |  0
|  99|0x0000000090900000, 0x0000000090a00000, 0x0000000090a00000|100%| E|CS|TAMS 0x0000000090900000| PB 0x0000000090900000| Complete |  0
| 100|0x0000000090a00000, 0x0000000090b00000, 0x0000000090b00000|100%| E|CS|TAMS 0x0000000090a00000| PB 0x0000000090a00000| Complete |  0
| 101|0x0000000090b00000, 0x0000000090c00000, 0x0000000090c00000|100%| E|CS|TAMS 0x0000000090b00000| PB 0x0000000090b00000| Complete |  0
| 102|0x0000000090c00000, 0x0000000090d00000, 0x0000000090d00000|100%| E|CS|TAMS 0x0000000090c00000| PB 0x0000000090c00000| Complete |  0
| 103|0x0000000090d00000, 0x0000000090e00000, 0x0000000090e00000|100%| E|CS|TAMS 0x0000000090d00000| PB 0x0000000090d00000| Complete |  0
| 104|0x0000000090e00000, 0x0000000090f00000, 0x0000000090f00000|100%| E|CS|TAMS 0x0000000090e00000| PB 0x0000000090e00000| Complete |  0
| 105|0x0000000090f00000, 0x0000000091000000, 0x0000000091000000|100%| E|CS|TAMS 0x0000000090f00000| PB 0x0000000090f00000| Complete |  0
| 106|0x0000000091000000, 0x0000000091100000, 0x0000000091100000|100%| E|CS|TAMS 0x0000000091000000| PB 0x0000000091000000| Complete |  0
| 107|0x0000000091100000, 0x0000000091200000, 0x0000000091200000|100%| E|CS|TAMS 0x0000000091100000| PB 0x0000000091100000| Complete |  0
| 108|0x0000000091200000, 0x0000000091300000, 0x0000000091300000|100%| E|CS|TAMS 0x0000000091200000| PB 0x0000000091200000| Complete |  0
| 109|0x0000000091300000, 0x0000000091400000, 0x0000000091400000|100%| E|CS|TAMS 0x0000000091300000| PB 0x0000000091300000| Complete |  0
| 110|0x0000000091400000, 0x0000000091500000, 0x0000000091500000|100%| E|CS|TAMS 0x0000000091400000| PB 0x0000000091400000| Complete |  0
| 111|0x0000000091500000, 0x0000000091600000, 0x0000000091600000|100%| E|CS|TAMS 0x0000000091500000| PB 0x0000000091500000| Complete |  0
| 112|0x0000000091600000, 0x0000000091700000, 0x0000000091700000|100%| E|CS|TAMS 0x0000000091600000| PB 0x0000000091600000| Complete |  0
| 113|0x0000000091700000, 0x0000000091800000, 0x0000000091800000|100%| E|CS|TAMS 0x0000000091700000| PB 0x0000000091700000| Complete |  0
| 114|0x0000000091800000, 0x0000000091900000, 0x0000000091900000|100%| E|CS|TAMS 0x0000000091800000| PB 0x0000000091800000| Complete |  0
| 115|0x0000000091900000, 0x0000000091a00000, 0x0000000091a00000|100%| E|CS|TAMS 0x0000000091900000| PB 0x0000000091900000| Complete |  0
| 116|0x0000000091a00000, 0x0000000091b00000, 0x0000000091b00000|100%| E|CS|TAMS 0x0000000091a00000| PB 0x0000000091a00000| Complete |  0
| 117|0x0000000091b00000, 0x0000000091c00000, 0x0000000091c00000|100%| E|CS|TAMS 0x0000000091b00000| PB 0x0000000091b00000| Complete |  0

Card table byte_map: [0x000001d4ef610000,0x000001d4ef9c0000] _byte_map_base: 0x000001d4ef1bd000

Marking Bits: (CMBitMap*) 0x000001d4d7a26410
 Bits: [0x000001d4ef9c0000, 0x000001d4f1728000)

Polling page: 0x000001d4d5900000

Metaspace:

Usage:
  Non-class:     16.41 MB used.
      Class:      2.29 MB used.
       Both:     18.70 MB used.

Virtual space:
  Non-class space:       64.00 MB reserved,      16.56 MB ( 26%) committed,  1 nodes.
      Class space:        1.00 GB reserved,       2.44 MB ( <1%) committed,  1 nodes.
             Both:        1.06 GB reserved,      19.00 MB (  2%) committed. 

Chunk freelists:
   Non-Class:  15.39 MB
       Class:  13.59 MB
        Both:  28.98 MB

MaxMetaspaceSize: unlimited
CompressedClassSpaceSize: 1.00 GB
Initial GC threshold: 21.00 MB
Current GC threshold: 21.00 MB
CDS: on
 - commit_granule_bytes: 65536.
 - commit_granule_words: 8192.
 - virtual_space_node_default_size: 8388608.
 - enlarge_chunks_in_place: 1.
 - use_allocation_guard: 0.


Internal statistics:

num_allocs_failed_limit: 0.
num_arena_births: 288.
num_arena_deaths: 0.
num_vsnodes_births: 2.
num_vsnodes_deaths: 0.
num_space_committed: 304.
num_space_uncommitted: 0.
num_chunks_returned_to_freelist: 0.
num_chunks_taken_from_freelist: 931.
num_chunk_merges: 0.
num_chunk_splits: 623.
num_chunks_enlarged: 440.
num_inconsistent_stats: 0.

CodeHeap 'non-profiled nmethods': size=120000Kb used=1140Kb max_used=1140Kb free=118859Kb
 bounds [0x000001d4e77e0000, 0x000001d4e7a50000, 0x000001d4eed10000]
CodeHeap 'profiled nmethods': size=120000Kb used=5412Kb max_used=5412Kb free=114587Kb
 bounds [0x000001d4dfd10000, 0x000001d4e0260000, 0x000001d4e7240000]
CodeHeap 'non-nmethods': size=5760Kb used=1443Kb max_used=1475Kb free=4316Kb
 bounds [0x000001d4e7240000, 0x000001d4e74b0000, 0x000001d4e77e0000]
 total_blobs=3334 nmethods=2807 adapters=431
 compilation: enabled
              stopped_count=0, restarted_count=0
 full_count=0

Compilation events (20 events):
Event: 1.465 Thread 0x000001d4f43a89c0 2697       3       org.springframework.util.MultiValueMapAdapter::lambda$add$0 (9 bytes)
Event: 1.465 Thread 0x000001d4f43a89c0 nmethod 2697 0x000001d4e0210310 code [0x000001d4e02104c0, 0x000001d4e0210648]
Event: 1.466 Thread 0x000001d4f43a89c0 2698       3       java.lang.invoke.MethodHandles$Lookup::makeHiddenClassDefiner (20 bytes)
Event: 1.466 Thread 0x000001d4f43a89c0 nmethod 2698 0x000001d4e0210710 code [0x000001d4e02108e0, 0x000001d4e0210be8]
Event: 1.466 Thread 0x000001d4f43a89c0 2699   !   3       java.lang.invoke.MethodHandles$Lookup$ClassDefiner::defineClass (213 bytes)
Event: 1.467 Thread 0x000001d4f43a89c0 nmethod 2699 0x000001d4e0210d90 code [0x000001d4e0211000, 0x000001d4e0211968]
Event: 1.467 Thread 0x000001d4f43a89c0 2700       3       org.springframework.core.annotation.AnnotationsScanner::isWithoutHierarchy (119 bytes)
Event: 1.467 Thread 0x000001d4f43a89c0 nmethod 2700 0x000001d4e0211e10 code [0x000001d4e0212060, 0x000001d4e0212aa8]
Event: 1.467 Thread 0x000001d4f43a89c0 2701       3       java.util.StringJoiner::checkAddLength (50 bytes)
Event: 1.468 Thread 0x000001d4f43a89c0 nmethod 2701 0x000001d4e0212d10 code [0x000001d4e0212ee0, 0x000001d4e02132e8]
Event: 1.468 Thread 0x000001d4f43a89c0 2702       3       java.lang.invoke.MethodType::methodType (7 bytes)
Event: 1.468 Thread 0x000001d4f43a89c0 nmethod 2702 0x000001d4e0213510 code [0x000001d4e02136c0, 0x000001d4e02137e0]
Event: 1.468 Thread 0x000001d4f43a89c0 2704       1       org.springframework.beans.factory.support.RootBeanDefinition::getDecoratedDefinition (5 bytes)
Event: 1.469 Thread 0x000001d4f43a89c0 nmethod 2704 0x000001d4e78f1410 code [0x000001d4e78f15a0, 0x000001d4e78f1668]
Event: 1.471 Thread 0x000001d4f43a89c0 2705       3       org.springframework.core.annotation.AnnotationsScanner::hasPlainJavaAnnotationsOnly (41 bytes)
Event: 1.472 Thread 0x000001d4f43a89c0 nmethod 2705 0x000001d4e0213890 code [0x000001d4e0213ae0, 0x000001d4e02145e0]
Event: 1.472 Thread 0x000001d4f43a89c0 2707       3       java.util.IdentityHashMap::get (60 bytes)
Event: 1.472 Thread 0x000001d4f43a89c0 nmethod 2707 0x000001d4e0214890 code [0x000001d4e0214a80, 0x000001d4e0214ed0]
Event: 1.472 Thread 0x000001d4f43a89c0 2706       3       java.lang.StringLatin1::indexOfNonWhitespace (49 bytes)
Event: 1.472 Thread 0x000001d4f43a89c0 nmethod 2706 0x000001d4e0215110 code [0x000001d4e02152e0, 0x000001d4e02156d8]

GC Heap History (4 events):
Event: 0.779 GC heap before
{Heap before GC invocations=0 (full 0):
 garbage-first heap   total reserved 1927168K, committed 120832K, used 24576K [0x000000008a600000, 0x0000000100000000)
  region size 1024K, 24 young (24576K), 0 survivors (0K)
 Metaspace       used 7189K, committed 7360K, reserved 1114112K
  class space    used 879K, committed 960K, reserved 1048576K
}
Event: 0.785 GC heap after
{Heap after GC invocations=1 (full 0):
 garbage-first heap   total reserved 1927168K, committed 120832K, used 5440K [0x000000008a600000, 0x0000000100000000)
  region size 1024K, 3 young (3072K), 3 survivors (3072K)
 Metaspace       used 7189K, committed 7360K, reserved 1114112K
  class space    used 879K, committed 960K, reserved 1048576K
}
Event: 1.102 GC heap before
{Heap before GC invocations=1 (full 0):
 garbage-first heap   total reserved 1927168K, committed 120832K, used 37184K [0x000000008a600000, 0x0000000100000000)
  region size 1024K, 35 young (35840K), 3 survivors (3072K)
 Metaspace       used 16135K, committed 16512K, reserved 1114112K
  class space    used 2003K, committed 2176K, reserved 1048576K
}
Event: 1.107 GC heap after
{Heap after GC invocations=2 (full 0):
 garbage-first heap   total reserved 1927168K, committed 120832K, used 8756K [0x000000008a600000, 0x0000000100000000)
  region size 1024K, 4 young (4096K), 4 survivors (4096K)
 Metaspace       used 16135K, committed 16512K, reserved 1114112K
  class space    used 2003K, committed 2176K, reserved 1048576K
}

Dll operation events (12 events):
Event: 0.009 Loaded shared library C:\Users\biswa\.jdks\openjdk-22.0.1\bin\java.dll
Event: 0.031 Loaded shared library C:\Users\biswa\.jdks\openjdk-22.0.1\bin\jsvml.dll
Event: 0.081 Loaded shared library C:\Users\biswa\.jdks\openjdk-22.0.1\bin\zip.dll
Event: 0.085 Loaded shared library C:\Users\biswa\.jdks\openjdk-22.0.1\bin\instrument.dll
Event: 0.088 Loaded shared library C:\Users\biswa\.jdks\openjdk-22.0.1\bin\net.dll
Event: 0.090 Loaded shared library C:\Users\biswa\.jdks\openjdk-22.0.1\bin\nio.dll
Event: 0.093 Loaded shared library C:\Users\biswa\.jdks\openjdk-22.0.1\bin\zip.dll
Event: 0.306 Loaded shared library C:\Program Files\JetBrains\IntelliJ IDEA Community Edition 2024.1.4\bin\breakgen64.dll
Event: 0.312 Loaded shared library C:\Users\biswa\.jdks\openjdk-22.0.1\bin\extnet.dll
Event: 0.346 Loaded shared library C:\Users\biswa\.jdks\openjdk-22.0.1\bin\jimage.dll
Event: 0.868 Loaded shared library C:\Users\biswa\.jdks\openjdk-22.0.1\bin\le.dll
Event: 1.115 Loaded shared library C:\Users\biswa\.jdks\openjdk-22.0.1\bin\sunmscapi.dll

Deoptimization events (20 events):
Event: 1.459 Thread 0x000001d4d5619940 Uncommon trap: trap_request=0xffffffde fr.pc=0x000001d4e77f4048 relative=0x00000000000001a8
Event: 1.459 Thread 0x000001d4d5619940 Uncommon trap: reason=class_check action=maybe_recompile pc=0x000001d4e77f4048 method=java.lang.String.equals(Ljava/lang/Object;)Z @ 8 c2
Event: 1.459 Thread 0x000001d4d5619940 DEOPT PACKING pc=0x000001d4e77f4048 sp=0x000000a0632fec40
Event: 1.459 Thread 0x000001d4d5619940 DEOPT UNPACKING pc=0x000001d4e72946a2 sp=0x000000a0632febc8 mode 2
Event: 1.459 Thread 0x000001d4d5619940 Uncommon trap: trap_request=0xffffffde fr.pc=0x000001d4e77f4048 relative=0x00000000000001a8
Event: 1.459 Thread 0x000001d4d5619940 Uncommon trap: reason=class_check action=maybe_recompile pc=0x000001d4e77f4048 method=java.lang.String.equals(Ljava/lang/Object;)Z @ 8 c2
Event: 1.459 Thread 0x000001d4d5619940 DEOPT PACKING pc=0x000001d4e77f4048 sp=0x000000a0632fec40
Event: 1.459 Thread 0x000001d4d5619940 DEOPT UNPACKING pc=0x000001d4e72946a2 sp=0x000000a0632febc8 mode 2
Event: 1.459 Thread 0x000001d4d5619940 Uncommon trap: trap_request=0xffffffde fr.pc=0x000001d4e77f4048 relative=0x00000000000001a8
Event: 1.459 Thread 0x000001d4d5619940 Uncommon trap: reason=class_check action=maybe_recompile pc=0x000001d4e77f4048 method=java.lang.String.equals(Ljava/lang/Object;)Z @ 8 c2
Event: 1.459 Thread 0x000001d4d5619940 DEOPT PACKING pc=0x000001d4e77f4048 sp=0x000000a0632fec40
Event: 1.459 Thread 0x000001d4d5619940 DEOPT UNPACKING pc=0x000001d4e72946a2 sp=0x000000a0632febc8 mode 2
Event: 1.460 Thread 0x000001d4d5619940 Uncommon trap: trap_request=0xffffffde fr.pc=0x000001d4e78ee49c relative=0x000000000000049c
Event: 1.460 Thread 0x000001d4d5619940 Uncommon trap: reason=class_check action=maybe_recompile pc=0x000001d4e78ee49c method=java.lang.String.equals(Ljava/lang/Object;)Z @ 8 c2
Event: 1.460 Thread 0x000001d4d5619940 DEOPT PACKING pc=0x000001d4e78ee49c sp=0x000000a0632fe9a0
Event: 1.460 Thread 0x000001d4d5619940 DEOPT UNPACKING pc=0x000001d4e72946a2 sp=0x000000a0632fe858 mode 2
Event: 1.460 Thread 0x000001d4d5619940 Uncommon trap: trap_request=0xffffffde fr.pc=0x000001d4e77f4048 relative=0x00000000000001a8
Event: 1.460 Thread 0x000001d4d5619940 Uncommon trap: reason=class_check action=maybe_recompile pc=0x000001d4e77f4048 method=java.lang.String.equals(Ljava/lang/Object;)Z @ 8 c2
Event: 1.460 Thread 0x000001d4d5619940 DEOPT PACKING pc=0x000001d4e77f4048 sp=0x000000a0632fe8e0
Event: 1.460 Thread 0x000001d4d5619940 DEOPT UNPACKING pc=0x000001d4e72946a2 sp=0x000000a0632fe868 mode 2

Classes loaded (20 events):
Event: 1.118 Loading class com/sun/security/sasl/Provider$ProviderService
Event: 1.118 Loading class com/sun/security/sasl/Provider$ProviderService done
Event: 1.209 Loading class java/lang/Thread$ThreadNumbering
Event: 1.209 Loading class java/lang/Thread$ThreadNumbering done
Event: 1.219 Loading class javax/naming/ldap/LdapContext
Event: 1.219 Loading class javax/naming/directory/DirContext
Event: 1.219 Loading class javax/naming/directory/DirContext done
Event: 1.219 Loading class javax/naming/ldap/LdapContext done
Event: 1.294 Loading class jdk/internal/vm/VMSupport
Event: 1.294 Loading class jdk/internal/vm/VMSupport done
Event: 1.295 Loading class sun/nio/cs/ISO_8859_1$Encoder
Event: 1.295 Loading class sun/nio/cs/ISO_8859_1$Encoder done
Event: 1.295 Loading class sun/nio/cs/Surrogate$Parser
Event: 1.295 Loading class sun/nio/cs/Surrogate$Parser done
Event: 1.295 Loading class sun/nio/cs/Surrogate
Event: 1.295 Loading class sun/nio/cs/Surrogate done
Event: 1.295 Loading class sun/util/resources/TimeZoneNames
Event: 1.296 Loading class sun/util/resources/TimeZoneNames done
Event: 1.296 Loading class sun/util/resources/TimeZoneNames_en
Event: 1.296 Loading class sun/util/resources/TimeZoneNames_en done

Classes unloaded (0 events):
No events

Classes redefined (0 events):
No events

Internal exceptions (20 events):
Event: 0.847 Thread 0x000001d4d5619940 Exception <a 'java/lang/NoSuchMethodError'{0x0000000091838cd8}: 'void java.lang.invoke.DirectMethodHandle$Holder.invokeSpecial(java.lang.Object, java.lang.Object, java.lang.Object)'> (0x0000000091838cd8) 
thrown [s\open\src\hotspot\share\interpreter\linkResolver.cpp, line 774]
Event: 0.851 Thread 0x000001d4d5619940 Exception <a 'java/lang/IncompatibleClassChangeError'{0x0000000091865298}: Found class java.lang.Object, but interface was expected> (0x0000000091865298) 
thrown [s\open\src\hotspot\share\interpreter\linkResolver.cpp, line 841]
Event: 0.852 Thread 0x000001d4f43a3010 Exception <a 'java/lang/NoClassDefFoundError'{0x000000009187dae8}: jakarta/validation/Validation> (0x000000009187dae8) 
thrown [s\open\src\hotspot\share\classfile\systemDictionary.cpp, line 302]
Event: 0.855 Thread 0x000001d4d5619940 Exception <a 'java/lang/NoSuchMethodError'{0x00000000918a39d8}: 'java.lang.Object java.lang.invoke.DirectMethodHandle$Holder.invokeStaticInit(java.lang.Object, int)'> (0x00000000918a39d8) 
thrown [s\open\src\hotspot\share\interpreter\linkResolver.cpp, line 774]
Event: 0.856 Thread 0x000001d4d5619940 Exception <a 'java/lang/NoSuchMethodError'{0x00000000918adf88}: 'java.lang.Object java.lang.invoke.DirectMethodHandle$Holder.invokeStatic(java.lang.Object, int, java.lang.Object)'> (0x00000000918adf88) 
thrown [s\open\src\hotspot\share\interpreter\linkResolver.cpp, line 774]
Event: 0.856 Thread 0x000001d4d5619940 Exception <a 'java/lang/NoSuchMethodError'{0x00000000918b1608}: 'java.lang.Object java.lang.invoke.DirectMethodHandle$Holder.invokeStaticInit(java.lang.Object, int, java.lang.Object)'> (0x00000000918b1608) 
thrown [s\open\src\hotspot\share\interpreter\linkResolver.cpp, line 774]
Event: 0.864 Thread 0x000001d4d5619940 Exception <a 'sun/nio/fs/WindowsException'{0x00000000918d3688}> (0x00000000918d3688) 
thrown [s\open\src\hotspot\share\prims\jni.cpp, line 520]
Event: 0.869 Thread 0x000001d4d5619940 Exception <a 'jdk/internal/org/jline/terminal/impl/jna/LastErrorException'{0x00000000918dfd48}> (0x00000000918dfd48) 
thrown [s\open\src\hotspot\share\prims\jni.cpp, line 520]
Event: 0.870 Thread 0x000001d4d5619940 Exception <a 'jdk/internal/org/jline/terminal/impl/jna/LastErrorException'{0x00000000918e0408}> (0x00000000918e0408) 
thrown [s\open\src\hotspot\share\prims\jni.cpp, line 520]
Event: 0.870 Thread 0x000001d4d5619940 Exception <a 'jdk/internal/org/jline/terminal/impl/jna/LastErrorException'{0x00000000918e0a78}> (0x00000000918e0a78) 
thrown [s\open\src\hotspot\share\prims\jni.cpp, line 520]
Event: 0.918 Thread 0x000001d4d5619940 Exception <a 'java/lang/NoSuchMethodError'{0x000000009112e648}: 'int java.lang.invoke.DirectMethodHandle$Holder.invokeVirtual(java.lang.Object, java.lang.Object)'> (0x000000009112e648) 
thrown [s\open\src\hotspot\share\interpreter\linkResolver.cpp, line 774]
Event: 1.035 Thread 0x000001d4f43a3010 Exception <a 'java/lang/NoSuchMethodError'{0x000000008fe42df0}: 'long java.lang.invoke.DirectMethodHandle$Holder.invokeSpecial(java.lang.Object, java.lang.Object)'> (0x000000008fe42df0) 
thrown [s\open\src\hotspot\share\interpreter\linkResolver.cpp, line 774]
Event: 1.036 Thread 0x000001d4f43a3010 Exception <a 'java/lang/NoSuchMethodError'{0x000000008fe4cf00}: 'long java.lang.invoke.DirectMethodHandle$Holder.invokeStatic(java.lang.Object, java.lang.Object)'> (0x000000008fe4cf00) 
thrown [s\open\src\hotspot\share\interpreter\linkResolver.cpp, line 774]
Event: 1.036 Thread 0x000001d4f43a3010 Exception <a 'java/lang/NoSuchMethodError'{0x000000008fe50298}: 'long java.lang.invoke.DirectMethodHandle$Holder.invokeStaticInit(java.lang.Object, java.lang.Object)'> (0x000000008fe50298) 
thrown [s\open\src\hotspot\share\interpreter\linkResolver.cpp, line 774]
Event: 1.037 Thread 0x000001d4f43a3010 Exception <a 'java/lang/NoSuchMethodError'{0x000000008fe5c988}: 'long java.lang.invoke.DirectMethodHandle$Holder.invokeInterface(java.lang.Object, java.lang.Object)'> (0x000000008fe5c988) 
thrown [s\open\src\hotspot\share\interpreter\linkResolver.cpp, line 774]
Event: 1.037 Thread 0x000001d4f43a3010 Exception <a 'java/lang/IncompatibleClassChangeError'{0x000000008fe5fc48}: Found class java.lang.Object, but interface was expected> (0x000000008fe5fc48) 
thrown [s\open\src\hotspot\share\interpreter\linkResolver.cpp, line 841]
Event: 1.044 Thread 0x000001d4f43a3010 Exception <a 'java/lang/NoSuchMethodError'{0x000000008fd2dcb8}: 'java.lang.Object java.lang.invoke.DirectMethodHandle$Holder.invokeVirtual(java.lang.Object, java.lang.Object, java.lang.Object, java.lang.Object)'> (0x000000008fd2dcb8) 
thrown [s\open\src\hotspot\share\interpreter\linkResolver.cpp, line 774]
Event: 1.095 Thread 0x000001d4d5619940 Exception <a 'java/lang/NoSuchMethodError'{0x000000008fac0060}: 'int java.lang.invoke.DirectMethodHandle$Holder.invokeSpecial(java.lang.Object, java.lang.Object, java.lang.Object, java.lang.Object, java.lang.Object)'> (0x000000008fac0060) 
thrown [s\open\src\hotspot\share\interpreter\linkResolver.cpp, line 774]
Event: 1.096 Thread 0x000001d4d5619940 Exception <a 'java/lang/NoSuchMethodError'{0x000000008fac83d8}: 'void java.lang.invoke.DirectMethodHandle$Holder.invokeVirtual(java.lang.Object, java.lang.Object)'> (0x000000008fac83d8) 
thrown [s\open\src\hotspot\share\interpreter\linkResolver.cpp, line 774]
Event: 1.277 Thread 0x000001d4d5619940 Exception <a 'java/lang/IncompatibleClassChangeError'{0x00000000914d7e68}: Found class java.lang.Object, but interface was expected> (0x00000000914d7e68) 
thrown [s\open\src\hotspot\share\interpreter\linkResolver.cpp, line 841]

ZGC Phase Switch (0 events):
No events

VM Operations (20 events):
Event: 0.845 Executing VM operation: HandshakeAllThreads (Deoptimize)
Event: 0.845 Executing VM operation: HandshakeAllThreads (Deoptimize) done
Event: 0.857 Executing VM operation: HandshakeAllThreads (Deoptimize)
Event: 0.857 Executing VM operation: HandshakeAllThreads (Deoptimize) done
Event: 0.939 Executing VM operation: HandshakeAllThreads (Deoptimize)
Event: 0.940 Executing VM operation: HandshakeAllThreads (Deoptimize) done
Event: 1.011 Executing VM operation: ICBufferFull
Event: 1.012 Executing VM operation: ICBufferFull done
Event: 1.041 Executing VM operation: HandshakeAllThreads (Deoptimize)
Event: 1.042 Executing VM operation: HandshakeAllThreads (Deoptimize) done
Event: 1.072 Executing VM operation: HandshakeAllThreads (Deoptimize)
Event: 1.072 Executing VM operation: HandshakeAllThreads (Deoptimize) done
Event: 1.080 Executing VM operation: HandshakeAllThreads (Deoptimize)
Event: 1.080 Executing VM operation: HandshakeAllThreads (Deoptimize) done
Event: 1.093 Executing VM operation: HandshakeAllThreads (Deoptimize)
Event: 1.093 Executing VM operation: HandshakeAllThreads (Deoptimize) done
Event: 1.102 Executing VM operation: G1CollectForAllocation (G1 Evacuation Pause)
Event: 1.107 Executing VM operation: G1CollectForAllocation (G1 Evacuation Pause) done
Event: 1.415 Executing VM operation: ICBufferFull
Event: 1.415 Executing VM operation: ICBufferFull done

Events (20 events):
Event: 0.020 Thread 0x000001d4d5619940 Thread added: 0x000001d4d5619940
Event: 0.029 Thread 0x000001d4f438e5f0 Thread added: 0x000001d4f438e5f0
Event: 0.029 Thread 0x000001d4f438f310 Thread added: 0x000001d4f438f310
Event: 0.029 Thread 0x000001d4f43920b0 Thread added: 0x000001d4f43920b0
Event: 0.030 Thread 0x000001d4f4392ea0 Thread added: 0x000001d4f4392ea0
Event: 0.030 Thread 0x000001d4f439bf90 Thread added: 0x000001d4f439bf90
Event: 0.030 Thread 0x000001d4f43a0220 Thread added: 0x000001d4f43a0220
Event: 0.030 Thread 0x000001d4f43a7de0 Thread added: 0x000001d4f43a7de0
Event: 0.030 Thread 0x000001d4f43a89c0 Thread added: 0x000001d4f43a89c0
Event: 0.066 Thread 0x000001d4f43a2980 Thread added: 0x000001d4f43a2980
Event: 0.112 Thread 0x000001d4c52f6a80 Thread added: 0x000001d4c52f6a80
Event: 0.306 Thread 0x000001d4f43a22f0 Thread added: 0x000001d4f43a22f0
Event: 0.306 Thread 0x000001d4f43a08b0 Thread added: 0x000001d4f43a08b0
Event: 0.307 Thread 0x000001d4c52f6a80 Thread exited: 0x000001d4c52f6a80
Event: 0.383 Thread 0x000001d4c54912c0 Thread added: 0x000001d4c54912c0
Event: 0.850 Thread 0x000001d4f43a3010 Thread added: 0x000001d4f43a3010
Event: 0.913 Thread 0x000001d4c6662960 Thread added: 0x000001d4c6662960
Event: 1.119 Thread 0x000001d4f43a3010 Thread exited: 0x000001d4f43a3010
Event: 1.209 Thread 0x000001d4f43a1c60 Thread added: 0x000001d4f43a1c60
Event: 1.240 Thread 0x000001d4f43a1c60 Thread exited: 0x000001d4f43a1c60


Dynamic libraries:
0x00007ff676790000 - 0x00007ff67679e000 	C:\Users\biswa\.jdks\openjdk-22.0.1\bin\java.exe
0x00007ffdfdaf0000 - 0x00007ffdfdd07000 	C:\WINDOWS\SYSTEM32\ntdll.dll
0x00007ffdfc450000 - 0x00007ffdfc514000 	C:\WINDOWS\System32\KERNEL32.DLL
0x00007ffdfb270000 - 0x00007ffdfb61d000 	C:\WINDOWS\System32\KERNELBASE.dll
0x00007ffdfaf40000 - 0x00007ffdfb051000 	C:\WINDOWS\System32\ucrtbase.dll
0x00007ffde3a40000 - 0x00007ffde3a57000 	C:\Users\biswa\.jdks\openjdk-22.0.1\bin\jli.dll
0x00007ffdcd4d0000 - 0x00007ffdcd4eb000 	C:\Users\biswa\.jdks\openjdk-22.0.1\bin\VCRUNTIME140.dll
0x00007ffdfc6e0000 - 0x00007ffdfc88e000 	C:\WINDOWS\System32\USER32.dll
0x00007ffdfb120000 - 0x00007ffdfb146000 	C:\WINDOWS\System32\win32u.dll
0x00007ffde3ca0000 - 0x00007ffde3f33000 	C:\WINDOWS\WinSxS\amd64_microsoft.windows.common-controls_6595b64144ccf1df_6.0.22621.3672_none_2713b9d173822955\COMCTL32.dll
0x00007ffdfc2b0000 - 0x00007ffdfc2d9000 	C:\WINDOWS\System32\GDI32.dll
0x00007ffdfae20000 - 0x00007ffdfaf39000 	C:\WINDOWS\System32\gdi32full.dll
0x00007ffdfd560000 - 0x00007ffdfd607000 	C:\WINDOWS\System32\msvcrt.dll
0x00007ffdfb1d0000 - 0x00007ffdfb26a000 	C:\WINDOWS\System32\msvcp_win.dll
0x00007ffdfd310000 - 0x00007ffdfd341000 	C:\WINDOWS\System32\IMM32.DLL
0x00007ffde39d0000 - 0x00007ffde39dc000 	C:\Users\biswa\.jdks\openjdk-22.0.1\bin\vcruntime140_1.dll
0x00007ffdb96d0000 - 0x00007ffdb975e000 	C:\Users\biswa\.jdks\openjdk-22.0.1\bin\msvcp140.dll
0x00007ffd449b0000 - 0x00007ffd456f7000 	C:\Users\biswa\.jdks\openjdk-22.0.1\bin\server\jvm.dll
0x00007ffdfd840000 - 0x00007ffdfd8f2000 	C:\WINDOWS\System32\ADVAPI32.dll
0x00007ffdfd210000 - 0x00007ffdfd2b9000 	C:\WINDOWS\System32\sechost.dll
0x00007ffdfb800000 - 0x00007ffdfb828000 	C:\WINDOWS\System32\bcrypt.dll
0x00007ffdfd720000 - 0x00007ffdfd834000 	C:\WINDOWS\System32\RPCRT4.dll
0x00007ffdfc2e0000 - 0x00007ffdfc351000 	C:\WINDOWS\System32\WS2_32.dll
0x00007ffdface0000 - 0x00007ffdfad2d000 	C:\WINDOWS\SYSTEM32\POWRPROF.dll
0x00007ffdf6b00000 - 0x00007ffdf6b34000 	C:\WINDOWS\SYSTEM32\WINMM.dll
0x00007ffdf5ce0000 - 0x00007ffdf5cea000 	C:\WINDOWS\SYSTEM32\VERSION.dll
0x00007ffdfacc0000 - 0x00007ffdfacd3000 	C:\WINDOWS\SYSTEM32\UMPDC.dll
0x00007ffdf9e10000 - 0x00007ffdf9e28000 	C:\WINDOWS\SYSTEM32\kernel.appcore.dll
0x00007ffde09d0000 - 0x00007ffde09da000 	C:\Users\biswa\.jdks\openjdk-22.0.1\bin\jimage.dll
0x00007ffdf2d80000 - 0x00007ffdf2fb2000 	C:\WINDOWS\SYSTEM32\DBGHELP.DLL
0x00007ffdfbcc0000 - 0x00007ffdfc048000 	C:\WINDOWS\System32\combase.dll
0x00007ffdfc370000 - 0x00007ffdfc447000 	C:\WINDOWS\System32\OLEAUT32.dll
0x00007ffddd170000 - 0x00007ffddd1a2000 	C:\WINDOWS\SYSTEM32\dbgcore.DLL
0x00007ffdfb150000 - 0x00007ffdfb1cb000 	C:\WINDOWS\System32\bcryptPrimitives.dll
0x00007ffdd4b10000 - 0x00007ffdd4b1f000 	C:\Users\biswa\.jdks\openjdk-22.0.1\bin\instrument.dll
0x00007ffdc6f40000 - 0x00007ffdc6f5e000 	C:\Users\biswa\.jdks\openjdk-22.0.1\bin\java.dll
0x00007ffdfc9b0000 - 0x00007ffdfd20f000 	C:\WINDOWS\System32\SHELL32.dll
0x00007ffdfd900000 - 0x00007ffdfdaa5000 	C:\WINDOWS\System32\ole32.dll
0x00007ffdf8d20000 - 0x00007ffdf961c000 	C:\WINDOWS\SYSTEM32\windows.storage.dll
0x00007ffdf8be0000 - 0x00007ffdf8d1f000 	C:\WINDOWS\SYSTEM32\wintypes.dll
0x00007ffdfc150000 - 0x00007ffdfc244000 	C:\WINDOWS\System32\SHCORE.dll
0x00007ffdfd610000 - 0x00007ffdfd66e000 	C:\WINDOWS\System32\shlwapi.dll
0x00007ffdfad50000 - 0x00007ffdfad71000 	C:\WINDOWS\SYSTEM32\profapi.dll
0x00007ffdb95f0000 - 0x00007ffdb96c7000 	C:\Users\biswa\.jdks\openjdk-22.0.1\bin\jsvml.dll
0x00007ffdc6860000 - 0x00007ffdc6877000 	C:\Users\biswa\.jdks\openjdk-22.0.1\bin\zip.dll
0x00007ffdd6eb0000 - 0x00007ffdd6ec0000 	C:\Users\biswa\.jdks\openjdk-22.0.1\bin\net.dll
0x00007ffdfa280000 - 0x00007ffdfa2e9000 	C:\WINDOWS\system32\mswsock.dll
0x00007ffdc6f20000 - 0x00007ffdc6f36000 	C:\Users\biswa\.jdks\openjdk-22.0.1\bin\nio.dll
0x00007ffdc59f0000 - 0x00007ffdc5a0a000 	C:\Program Files\JetBrains\IntelliJ IDEA Community Edition 2024.1.4\bin\breakgen64.dll
0x00007ffdc6850000 - 0x00007ffdc6859000 	C:\Users\biswa\.jdks\openjdk-22.0.1\bin\extnet.dll
0x00007ffdc6800000 - 0x00007ffdc680b000 	C:\Users\biswa\.jdks\openjdk-22.0.1\bin\le.dll
0x00007ffdc8ff0000 - 0x00007ffdc8ffe000 	C:\Users\biswa\.jdks\openjdk-22.0.1\bin\sunmscapi.dll
0x00007ffdfb620000 - 0x00007ffdfb787000 	C:\WINDOWS\System32\CRYPT32.dll
0x00007ffdfa6e0000 - 0x00007ffdfa70e000 	C:\WINDOWS\SYSTEM32\ncrypt.dll
0x00007ffdfa6a0000 - 0x00007ffdfa6d7000 	C:\WINDOWS\SYSTEM32\NTASN1.dll

dbghelp: loaded successfully - version: 4.0.5 - missing functions: none
symbol engine: initialized successfully - sym options: 0x614 - pdb path: .;C:\Users\biswa\.jdks\openjdk-22.0.1\bin;C:\WINDOWS\SYSTEM32;C:\WINDOWS\WinSxS\amd64_microsoft.windows.common-controls_6595b64144ccf1df_6.0.22621.3672_none_2713b9d173822955;C:\Users\biswa\.jdks\openjdk-22.0.1\bin\server;C:\Program Files\JetBrains\IntelliJ IDEA Community Edition 2024.1.4\bin

VM Arguments:
jvm_args: -javaagent:C:\Program Files\JetBrains\IntelliJ IDEA Community Edition 2024.1.4\lib\idea_rt.jar=60637:C:\Program Files\JetBrains\IntelliJ IDEA Community Edition 2024.1.4\bin -Dfile.encoding=UTF-8 -Dsun.stdout.encoding=UTF-8 -Dsun.stderr.encoding=UTF-8 
java_command: com.edigest.journalApp.JournalAppApplication
java_class_path (initial): E:\INTELIJE PROJECT\journalApp\journalApp\target\classes;C:\Users\biswa\.m2\repository\org\springframework\boot\spring-boot-starter-web\3.2.7\spring-boot-starter-web-3.2.7.jar;C:\Users\biswa\.m2\repository\org\springframework\boot\spring-boot-starter\3.2.7\spring-boot-starter-3.2.7.jar;C:\Users\biswa\.m2\repository\org\springframework\boot\spring-boot\3.2.7\spring-boot-3.2.7.jar;C:\Users\biswa\.m2\repository\org\springframework\boot\spring-boot-autoconfigure\3.2.7\spring-boot-autoconfigure-3.2.7.jar;C:\Users\biswa\.m2\repository\org\springframework\boot\spring-boot-starter-logging\3.2.7\spring-boot-starter-logging-3.2.7.jar;C:\Users\biswa\.m2\repository\ch\qos\logback\logback-classic\1.4.14\logback-classic-1.4.14.jar;C:\Users\biswa\.m2\repository\ch\qos\logback\logback-core\1.4.14\logback-core-1.4.14.jar;C:\Users\biswa\.m2\repository\org\apache\logging\log4j\log4j-to-slf4j\2.21.1\log4j-to-slf4j-2.21.1.jar;C:\Users\biswa\.m2\repository\org\apache\logging\log4j\log4j-api\2.21.1\log4j-api-2.21.1.jar;C:\Users\biswa\.m2\repository\org\slf4j\jul-to-slf4j\2.0.13\jul-to-slf4j-2.0.13.jar;C:\Users\biswa\.m2\repository\jakarta\annotation\jakarta.annotation-api\2.1.1\jakarta.annotation-api-2.1.1.jar;C:\Users\biswa\.m2\repository\org\yaml\snakeyaml\2.2\snakeyaml-2.2.jar;C:\Users\biswa\.m2\repository\org\springframework\boot\spring-boot-starter-json\3.2.7\spring-boot-starter-json-3.2.7.jar;C:\Users\biswa\.m2\repository\com\fasterxml\jackson\core\jackson-databind\2.15.4\jackson-databind-2.15.4.jar;C:\Users\biswa\.m2\repository\com\fasterxml\jackson\core\jackson-annotations\2.15.4\jackson-annotations-2.15.4.jar;C:\Users\biswa\.m2\repository\com\fasterxml\jackson\core\jackson-core\2.15.4\jackson-core-2.15.4.jar;C:\Users\biswa\.m2\repository\com\fasterxml\jackson\datatype\jackson-datatype-jdk8\2.15.4\jackson-datatype-jdk8-2.15.4.jar;C:\Users\biswa\.m2\repository\com\fasterxml\jackson\datatype\jackson-datatype-jsr310\2.15.4\jackson-datatype-jsr310-2.15.4.jar;C:\Users\biswa\.m2\repository\com\fasterxml\jackson\module\jackson-module-parameter-names\2.15.4\jackson-module-parameter-names-2.15.4.jar;C:\Users\biswa\.m2\repository\org\springframework\boot\spring-boot-starter-tomcat\3.2.7\spring-boot-starter-tomcat-3.2.7.jar;C:\Users\biswa\.m2\repository\org\apache\tomcat\embed\tomcat-embed-core\10.1.25\tomcat-embed-core-10.1.25.jar;C:\Users\biswa\.m2\repository\org\apache\tomcat\embed\tomcat-embed-el\10.1.25\tomcat-embed-el-10.1.25.jar;C:\Users\biswa\.m2\repository\org\apache\tomcat\embed\tomcat-embed-websocket\10.1.25\tomcat-embed-websocket-10.1.25.jar;C:\Users\biswa\.m2\repository\org\springframework\spring-web\6.1.10\spring-web-6.1.10.jar;C:\Users\biswa\.m2\repository\org\springframework\spring-beans\6.1.10\spring-beans-6.1.10.jar;C:\Users\biswa\.m2\repository\io\micrometer\micrometer-observation\1.12.7\micrometer-observation-1.12.7.jar;C:\Users\biswa\.m2\repository\io\micrometer\micrometer-commons\1.12.7\micrometer-commons-1.12.7.jar;C:\Users\biswa\.m2\repository\org\springframework\spring-webmvc\6.1.10\spring-webmvc-6.1.10.jar;C:\Users\biswa\.m2\repository\org\springframework\spring-aop\6.1.10\spring-aop-6.1.10.jar;C:\Users\biswa\.m2\repository\org\springframework\spring-context\6.1.10\spring-context-6.1.10.jar;C:\Users\biswa\.m2\repository\org\springframework\spring-expression\6.1.10\spring-expression-6.1.10.jar;C:\Users\biswa\.m2\repository\org\springframework\boot\spring-boot-starter-data-mongodb\3.2.7\spring-boot-starter-data-mongodb-3.2.7.jar;C:\Users\biswa\.m2\repository\org\mongodb\mongodb-driver-sync\4.11.2\mongodb-driver-sync-4.11.2.jar;C:\Users\biswa\.m2\repository\org\mongodb\bson\4.11.2\bson-4.11.2.jar;C:\Users\biswa\.m2\repository\org\mongodb\mongodb-driver-core\4.11.2\mongodb-driver-core-4.11.2.jar;C:\Users\biswa\.m2\repository\org\mongodb\bson-record-codec\4.11.2\bson-record-codec-4.11.2.jar;C:\Users\biswa\.m2\repository\org\springframework\data\spring-data-mongodb\4.2.7\spring-data-mongodb-4.2.7.jar;C:\Users\biswa\.m2\repository\org\springframework\spring-tx\6.1.10\spring-tx-6.1.10.jar;C:\Users\biswa\.m2\repository\org\springframework\data\spring-data-commons\3.2.7\spring-data-commons-3.2.7.jar;C:\Users\biswa\.m2\repository\org\slf4j\slf4j-api\2.0.13\slf4j-api-2.0.13.jar;C:\Users\biswa\.m2\repository\org\springframework\spring-core\6.1.10\spring-core-6.1.10.jar;C:\Users\biswa\.m2\repository\org\springframework\spring-jcl\6.1.10\spring-jcl-6.1.10.jar
Launcher Type: SUN_STANDARD

[Global flags]
     intx CICompilerCount                          = 4                                         {product} {ergonomic}
     uint ConcGCThreads                            = 3                                         {product} {ergonomic}
     uint G1ConcRefinementThreads                  = 10                                        {product} {ergonomic}
   size_t G1HeapRegionSize                         = 1048576                                   {product} {ergonomic}
   size_t InitialHeapSize                          = 123731968                                 {product} {ergonomic}
   size_t MarkStackSize                            = 4194304                                   {product} {ergonomic}
   size_t MaxHeapSize                              = 1973420032                                {product} {ergonomic}
   size_t MaxNewSize                               = 1183842304                                {product} {ergonomic}
   size_t MinHeapDeltaBytes                        = 1048576                                   {product} {ergonomic}
   size_t MinHeapSize                              = 8388608                                   {product} {ergonomic}
    uintx NonNMethodCodeHeapSize                   = 5839372                                {pd product} {ergonomic}
    uintx NonProfiledCodeHeapSize                  = 122909434                              {pd product} {ergonomic}
    uintx ProfiledCodeHeapSize                     = 122909434                              {pd product} {ergonomic}
    uintx ReservedCodeCacheSize                    = 251658240                              {pd product} {ergonomic}
     bool SegmentedCodeCache                       = true                                      {product} {ergonomic}
   size_t SoftMaxHeapSize                          = 1973420032                             {manageable} {ergonomic}
     bool UseCompressedOops                        = true                           {product lp64_product} {ergonomic}
     bool UseG1GC                                  = true                                      {product} {ergonomic}
     bool UseLargePagesIndividualAllocation        = false                                  {pd product} {ergonomic}

Logging:
Log output configuration:
 #0: stdout all=warning uptime,level,tags foldmultilines=false
 #1: stderr all=off uptime,level,tags foldmultilines=false

Environment Variables:
PATH=C:\Program Files\Common Files\Oracle\Java\javapath;C:\windows\system32;C:\windows;C:\windows\System32\Wbem;C:\windows\System32\WindowsPowerShell\v1.0\;C:\windows\System32\OpenSSH\;C:\Program Files (x86)\NVIDIA Corporation\PhysX\Common;C:\Program Files\NVIDIA Corporation\NVIDIA NvDLISR;C:\WINDOWS\system32;C:\WINDOWS;C:\WINDOWS\System32\Wbem;C:\WINDOWS\System32\WindowsPowerShell\v1.0\;C:\WINDOWS\System32\OpenSSH\;C:\MinGW\bin;C:\Program Files\nodejs\;C:\Program Files\HP\HP One Agent;C:\Program Files\Git\cmd;C:\Users\biswa\anaconda5;C:\Users\biswa\anaconda5\Library\mingw-w64\bin;C:\Users\biswa\anaconda5\Library\usr\bin;C:\Users\biswa\anaconda5\Library\bin;C:\Users\biswa\anaconda5\Scripts;C:\Users\biswa\anaconda4;C:\Users\biswa\anaconda4\Library\mingw-w64\bin;C:\Users\biswa\anaconda4\Library\usr\bin;C:\Users\biswa\anaconda4\Library\bin;C:\Users\biswa\anaconda4\Scripts;C:\Users\biswa\AppData\Local\Programs\Python\Python310\Scripts\;C:\Users\biswa\AppData\Local\Programs\Python\Python310\;C:\Users\biswa\AppData\Local\Microsoft\WindowsApps;C:\Users\biswa\AppData\Local\Programs\Microsoft VS Code\bin;C:\Users\biswa\AppData\Roaming\npm;C:\Users\biswa\AppData\Local\GitHubDesktop\bin;C:\Program Files\JetBrains\IntelliJ IDEA Community Edition 2024.1.4\bin;
USERNAME=biswa
OS=Windows_NT
PROCESSOR_IDENTIFIER=AMD64 Family 25 Model 80 Stepping 0, AuthenticAMD
TMP=C:\Users\biswa\AppData\Local\Temp
TEMP=C:\Users\biswa\AppData\Local\Temp




Periodic native trim disabled

---------------  S Y S T E M  ---------------

OS:
 Windows 11 , 64 bit Build 22621 (10.0.22621.3672)
OS uptime: 0 days 2:57 hours
Hyper-V role detected

CPU: total 12 (initial active 12) (12 cores per cpu, 2 threads per core) family 25 model 80 stepping 0 microcode 0x0, cx8, cmov, fxsr, ht, mmx, 3dnowpref, sse, sse2, sse3, ssse3, sse4a, sse4.1, sse4.2, popcnt, lzcnt, tsc, tscinvbit, avx, avx2, aes, erms, clmul, bmi1, bmi2, adx, sha, fma, vzeroupper, clflush, clflushopt, hv, rdtscp, rdpid, fsrm, f16c, cet_ss
Processor Information for processor 0
  Max Mhz: 3301, Current Mhz: 3301, Mhz Limit: 3301
Processor Information for processor 1
  Max Mhz: 3301, Current Mhz: 2630, Mhz Limit: 3301
Processor Information for processor 2
  Max Mhz: 3301, Current Mhz: 3301, Mhz Limit: 3301
Processor Information for processor 3
  Max Mhz: 3301, Current Mhz: 2630, Mhz Limit: 3301
Processor Information for processor 4
  Max Mhz: 3301, Current Mhz: 2630, Mhz Limit: 3301
Processor Information for processor 5
  Max Mhz: 3301, Current Mhz: 2630, Mhz Limit: 3301
Processor Information for processor 6
  Max Mhz: 3301, Current Mhz: 2630, Mhz Limit: 3301
Processor Information for processor 7
  Max Mhz: 3301, Current Mhz: 2630, Mhz Limit: 3301
Processor Information for processor 8
  Max Mhz: 3301, Current Mhz: 2630, Mhz Limit: 3301
Processor Information for processor 9
  Max Mhz: 3301, Current Mhz: 2630, Mhz Limit: 3301
Processor Information for processor 10
  Max Mhz: 3301, Current Mhz: 2630, Mhz Limit: 3301
Processor Information for processor 11
  Max Mhz: 3301, Current Mhz: 2630, Mhz Limit: 3301

Memory: 4k page, system-wide physical 7521M (920M free)
TotalPageFile size 11329M (AvailPageFile size 5M)
current process WorkingSet (physical memory assigned to process): 148M, peak: 148M
current process commit charge ("private bytes"): 267M, peak: 267M

vm_info: OpenJDK 64-Bit Server VM (22.0.1+8-16) for windows-amd64 JRE (22.0.1+8-16), built on 2024-03-12T10:33:16Z by "mach5one" with MS VC++ 17.6 (VS2022)

END.
